[0.424s] Invoking command in '/home/slok/TASK/task1ws/src/four_wheel_urdf': PYTHONPATH=/home/slok/TASK/task1ws/build/four_wheel_urdf/prefix_override:/usr/lib/python3/dist-packages/colcon_core/task/python/colcon_distutils_commands:/home/slok/TASK/task1ws/install/four_wheel_urdf/lib/python3.10/site-packages:${PYTHONPATH} /usr/bin/python3 -W ignore:setup.py install is deprecated -W ignore:easy_install command is deprecated setup.py egg_info --egg-base ../../build/four_wheel_urdf build --build-base /home/slok/TASK/task1ws/build/four_wheel_urdf/build install --record /home/slok/TASK/task1ws/build/four_wheel_urdf/install.log --single-version-externally-managed install_data
[0.575s] running egg_info
[0.576s] writing ../../build/four_wheel_urdf/four_wheel_urdf.egg-info/PKG-INFO
[0.576s] writing dependency_links to ../../build/four_wheel_urdf/four_wheel_urdf.egg-info/dependency_links.txt
[0.576s] writing entry points to ../../build/four_wheel_urdf/four_wheel_urdf.egg-info/entry_points.txt
[0.576s] writing requirements to ../../build/four_wheel_urdf/four_wheel_urdf.egg-info/requires.txt
[0.576s] writing top-level names to ../../build/four_wheel_urdf/four_wheel_urdf.egg-info/top_level.txt
[0.577s] reading manifest file '../../build/four_wheel_urdf/four_wheel_urdf.egg-info/SOURCES.txt'
[0.577s] writing manifest file '../../build/four_wheel_urdf/four_wheel_urdf.egg-info/SOURCES.txt'
[0.577s] running build
[0.577s] running build_py
[0.578s] running install
[0.578s] running install_lib
[0.579s] running install_data
[0.579s] copying launch/four_wheel.launch.py -> /home/slok/TASK/task1ws/install/four_wheel_urdf/share/four_wheel_urdf/launch
[0.579s] running install_egg_info
[0.580s] removing '/home/slok/TASK/task1ws/install/four_wheel_urdf/lib/python3.10/site-packages/four_wheel_urdf-0.0.0-py3.10.egg-info' (and everything under it)
[0.580s] Copying ../../build/four_wheel_urdf/four_wheel_urdf.egg-info to /home/slok/TASK/task1ws/install/four_wheel_urdf/lib/python3.10/site-packages/four_wheel_urdf-0.0.0-py3.10.egg-info
[0.581s] running install_scripts
[0.594s] writing list of installed files to '/home/slok/TASK/task1ws/build/four_wheel_urdf/install.log'
[0.619s] Invoked command in '/home/slok/TASK/task1ws/src/four_wheel_urdf' returned '0': PYTHONPATH=/home/slok/TASK/task1ws/build/four_wheel_urdf/prefix_override:/usr/lib/python3/dist-packages/colcon_core/task/python/colcon_distutils_commands:/home/slok/TASK/task1ws/install/four_wheel_urdf/lib/python3.10/site-packages:${PYTHONPATH} /usr/bin/python3 -W ignore:setup.py install is deprecated -W ignore:easy_install command is deprecated setup.py egg_info --egg-base ../../build/four_wheel_urdf build --build-base /home/slok/TASK/task1ws/build/four_wheel_urdf/build install --record /home/slok/TASK/task1ws/build/four_wheel_urdf/install.log --single-version-externally-managed install_data
