[0.514s] Invoking command in '/home/slok/tasks/task1ws/src/four_wheel_urdf': PYTHONPATH=/home/slok/tasks/task1ws/build/four_wheel_urdf/prefix_override:/usr/lib/python3/dist-packages/colcon_core/task/python/colcon_distutils_commands:/home/slok/tasks/task1ws/install/four_wheel_urdf/lib/python3.10/site-packages:${PYTHONPATH} /usr/bin/python3 -W ignore:setup.py install is deprecated -W ignore:easy_install command is deprecated setup.py egg_info --egg-base ../../build/four_wheel_urdf build --build-base /home/slok/tasks/task1ws/build/four_wheel_urdf/build install --record /home/slok/tasks/task1ws/build/four_wheel_urdf/install.log --single-version-externally-managed install_data
[0.645s] running egg_info
[0.645s] writing ../../build/four_wheel_urdf/four_wheel_urdf.egg-info/PKG-INFO
[0.646s] writing dependency_links to ../../build/four_wheel_urdf/four_wheel_urdf.egg-info/dependency_links.txt
[0.646s] writing entry points to ../../build/four_wheel_urdf/four_wheel_urdf.egg-info/entry_points.txt
[0.646s] writing requirements to ../../build/four_wheel_urdf/four_wheel_urdf.egg-info/requires.txt
[0.646s] writing top-level names to ../../build/four_wheel_urdf/four_wheel_urdf.egg-info/top_level.txt
[0.647s] reading manifest file '../../build/four_wheel_urdf/four_wheel_urdf.egg-info/SOURCES.txt'
[0.647s] writing manifest file '../../build/four_wheel_urdf/four_wheel_urdf.egg-info/SOURCES.txt'
[0.647s] running build
[0.647s] running build_py
[0.647s] running install
[0.647s] running install_lib
[0.648s] running install_data
[0.648s] copying launch/four_wheel.launch.py -> /home/slok/tasks/task1ws/install/four_wheel_urdf/share/four_wheel_urdf/launch
[0.648s] running install_egg_info
[0.649s] removing '/home/slok/tasks/task1ws/install/four_wheel_urdf/lib/python3.10/site-packages/four_wheel_urdf-0.0.0-py3.10.egg-info' (and everything under it)
[0.649s] Copying ../../build/four_wheel_urdf/four_wheel_urdf.egg-info to /home/slok/tasks/task1ws/install/four_wheel_urdf/lib/python3.10/site-packages/four_wheel_urdf-0.0.0-py3.10.egg-info
[0.650s] running install_scripts
[0.661s] writing list of installed files to '/home/slok/tasks/task1ws/build/four_wheel_urdf/install.log'
[0.674s] Invoked command in '/home/slok/tasks/task1ws/src/four_wheel_urdf' returned '0': PYTHONPATH=/home/slok/tasks/task1ws/build/four_wheel_urdf/prefix_override:/usr/lib/python3/dist-packages/colcon_core/task/python/colcon_distutils_commands:/home/slok/tasks/task1ws/install/four_wheel_urdf/lib/python3.10/site-packages:${PYTHONPATH} /usr/bin/python3 -W ignore:setup.py install is deprecated -W ignore:easy_install command is deprecated setup.py egg_info --egg-base ../../build/four_wheel_urdf build --build-base /home/slok/tasks/task1ws/build/four_wheel_urdf/build install --record /home/slok/tasks/task1ws/build/four_wheel_urdf/install.log --single-version-externally-managed install_data
