[0.439s] Invoking command in '/home/slok/TASK/task1ws/src/four_wheel_urdf': PYTHONPATH=/home/slok/TASK/task1ws/build/four_wheel_urdf/prefix_override:/usr/lib/python3/dist-packages/colcon_core/task/python/colcon_distutils_commands:/home/slok/TASK/task1ws/install/four_wheel_urdf/lib/python3.10/site-packages:${PYTHONPATH} /usr/bin/python3 -W ignore:setup.py install is deprecated -W ignore:easy_install command is deprecated setup.py egg_info --egg-base ../../build/four_wheel_urdf build --build-base /home/slok/TASK/task1ws/build/four_wheel_urdf/build install --record /home/slok/TASK/task1ws/build/four_wheel_urdf/install.log --single-version-externally-managed install_data
[0.584s] running egg_info
[0.584s] writing ../../build/four_wheel_urdf/four_wheel_urdf.egg-info/PKG-INFO
[0.585s] writing dependency_links to ../../build/four_wheel_urdf/four_wheel_urdf.egg-info/dependency_links.txt
[0.585s] writing entry points to ../../build/four_wheel_urdf/four_wheel_urdf.egg-info/entry_points.txt
[0.585s] writing requirements to ../../build/four_wheel_urdf/four_wheel_urdf.egg-info/requires.txt
[0.585s] writing top-level names to ../../build/four_wheel_urdf/four_wheel_urdf.egg-info/top_level.txt
[0.586s] reading manifest file '../../build/four_wheel_urdf/four_wheel_urdf.egg-info/SOURCES.txt'
[0.586s] writing manifest file '../../build/four_wheel_urdf/four_wheel_urdf.egg-info/SOURCES.txt'
[0.587s] running build
[0.587s] running build_py
[0.587s] running install
[0.587s] running install_lib
[0.588s] running install_data
[0.588s] copying urdf/body_link.xacro -> /home/slok/TASK/task1ws/install/four_wheel_urdf/share/four_wheel_urdf/urdf
[0.588s] copying urdf/joints.xacro -> /home/slok/TASK/task1ws/install/four_wheel_urdf/share/four_wheel_urdf/urdf
[0.588s] copying urdf/wheels.xacro -> /home/slok/TASK/task1ws/install/four_wheel_urdf/share/four_wheel_urdf/urdf
[0.588s] copying urdf/four_wheel.urdf.xacro -> /home/slok/TASK/task1ws/install/four_wheel_urdf/share/four_wheel_urdf/urdf
[0.588s] copying config/four_wheel.rviz -> /home/slok/TASK/task1ws/install/four_wheel_urdf/share/four_wheel_urdf/config
[0.588s] running install_egg_info
[0.589s] removing '/home/slok/TASK/task1ws/install/four_wheel_urdf/lib/python3.10/site-packages/four_wheel_urdf-0.0.0-py3.10.egg-info' (and everything under it)
[0.589s] Copying ../../build/four_wheel_urdf/four_wheel_urdf.egg-info to /home/slok/TASK/task1ws/install/four_wheel_urdf/lib/python3.10/site-packages/four_wheel_urdf-0.0.0-py3.10.egg-info
[0.590s] running install_scripts
[0.602s] writing list of installed files to '/home/slok/TASK/task1ws/build/four_wheel_urdf/install.log'
[0.621s] Invoked command in '/home/slok/TASK/task1ws/src/four_wheel_urdf' returned '0': PYTHONPATH=/home/slok/TASK/task1ws/build/four_wheel_urdf/prefix_override:/usr/lib/python3/dist-packages/colcon_core/task/python/colcon_distutils_commands:/home/slok/TASK/task1ws/install/four_wheel_urdf/lib/python3.10/site-packages:${PYTHONPATH} /usr/bin/python3 -W ignore:setup.py install is deprecated -W ignore:easy_install command is deprecated setup.py egg_info --egg-base ../../build/four_wheel_urdf build --build-base /home/slok/TASK/task1ws/build/four_wheel_urdf/build install --record /home/slok/TASK/task1ws/build/four_wheel_urdf/install.log --single-version-externally-managed install_data
