[1.084s] Invoking command in '/home/slok/tasks/task1ws/src/four_wheel_urdf': PYTHONPATH=/home/slok/tasks/task1ws/build/four_wheel_urdf/prefix_override:/usr/lib/python3/dist-packages/colcon_core/task/python/colcon_distutils_commands:/home/slok/tasks/task1ws/install/four_wheel_urdf/lib/python3.10/site-packages:${PYTHONPATH} /usr/bin/python3 -W ignore:setup.py install is deprecated -W ignore:easy_install command is deprecated setup.py egg_info --egg-base ../../build/four_wheel_urdf build --build-base /home/slok/tasks/task1ws/build/four_wheel_urdf/build install --record /home/slok/tasks/task1ws/build/four_wheel_urdf/install.log --single-version-externally-managed install_data
[1.558s] running egg_info
[1.559s] writing ../../build/four_wheel_urdf/four_wheel_urdf.egg-info/PKG-INFO
[1.560s] writing dependency_links to ../../build/four_wheel_urdf/four_wheel_urdf.egg-info/dependency_links.txt
[1.560s] writing entry points to ../../build/four_wheel_urdf/four_wheel_urdf.egg-info/entry_points.txt
[1.560s] writing requirements to ../../build/four_wheel_urdf/four_wheel_urdf.egg-info/requires.txt
[1.561s] writing top-level names to ../../build/four_wheel_urdf/four_wheel_urdf.egg-info/top_level.txt
[1.565s] reading manifest file '../../build/four_wheel_urdf/four_wheel_urdf.egg-info/SOURCES.txt'
[1.567s] writing manifest file '../../build/four_wheel_urdf/four_wheel_urdf.egg-info/SOURCES.txt'
[1.567s] running build
[1.567s] running build_py
[1.568s] running install
[1.568s] running install_lib
[1.570s] running install_data
[1.571s] running install_egg_info
[1.574s] removing '/home/slok/tasks/task1ws/install/four_wheel_urdf/lib/python3.10/site-packages/four_wheel_urdf-0.0.0-py3.10.egg-info' (and everything under it)
[1.575s] Copying ../../build/four_wheel_urdf/four_wheel_urdf.egg-info to /home/slok/tasks/task1ws/install/four_wheel_urdf/lib/python3.10/site-packages/four_wheel_urdf-0.0.0-py3.10.egg-info
[1.576s] running install_scripts
[1.615s] writing list of installed files to '/home/slok/tasks/task1ws/build/four_wheel_urdf/install.log'
[1.655s] Invoked command in '/home/slok/tasks/task1ws/src/four_wheel_urdf' returned '0': PYTHONPATH=/home/slok/tasks/task1ws/build/four_wheel_urdf/prefix_override:/usr/lib/python3/dist-packages/colcon_core/task/python/colcon_distutils_commands:/home/slok/tasks/task1ws/install/four_wheel_urdf/lib/python3.10/site-packages:${PYTHONPATH} /usr/bin/python3 -W ignore:setup.py install is deprecated -W ignore:easy_install command is deprecated setup.py egg_info --egg-base ../../build/four_wheel_urdf build --build-base /home/slok/tasks/task1ws/build/four_wheel_urdf/build install --record /home/slok/tasks/task1ws/build/four_wheel_urdf/install.log --single-version-externally-managed install_data
