[0.438s] Invoking command in '/home/slok/tasks/task1ws/build/four_wheel_urdf': PYTHONPATH=/home/slok/tasks/task1ws/build/four_wheel_urdf/prefix_override:/usr/lib/python3/dist-packages/colcon_core/task/python/colcon_distutils_commands:/home/slok/tasks/task1ws/install/four_wheel_urdf/lib/python3.10/site-packages:${PYTHONPATH} /usr/bin/python3 -W ignore:setup.py install is deprecated -W ignore:easy_install command is deprecated setup.py develop --editable --build-directory /home/slok/tasks/task1ws/build/four_wheel_urdf/build --no-deps symlink_data --force
[0.597s] running develop
[0.693s] running egg_info
[0.693s] writing four_wheel_urdf.egg-info/PKG-INFO
[0.693s] writing dependency_links to four_wheel_urdf.egg-info/dependency_links.txt
[0.693s] writing entry points to four_wheel_urdf.egg-info/entry_points.txt
[0.693s] writing requirements to four_wheel_urdf.egg-info/requires.txt
[0.694s] writing top-level names to four_wheel_urdf.egg-info/top_level.txt
[0.694s] reading manifest file 'four_wheel_urdf.egg-info/SOURCES.txt'
[0.695s] writing manifest file 'four_wheel_urdf.egg-info/SOURCES.txt'
[0.696s] running build_ext
[0.696s] Creating /home/slok/tasks/task1ws/install/four_wheel_urdf/lib/python3.10/site-packages/four-wheel-urdf.egg-link (link to .)
[0.696s] 
[0.696s] Installed /home/slok/tasks/task1ws/build/four_wheel_urdf
[0.696s] running symlink_data
[0.696s] symbolically linking /home/slok/tasks/task1ws/build/four_wheel_urdf/resource/four_wheel_urdf -> /home/slok/tasks/task1ws/install/four_wheel_urdf/share/ament_index/resource_index/packages
[0.696s] symbolically linking /home/slok/tasks/task1ws/build/four_wheel_urdf/package.xml -> /home/slok/tasks/task1ws/install/four_wheel_urdf/share/four_wheel_urdf
[0.696s] symbolically linking /home/slok/tasks/task1ws/build/four_wheel_urdf/launch/four_wheel.launch.py -> /home/slok/tasks/task1ws/install/four_wheel_urdf/share/four_wheel_urdf/launch
[0.696s] symbolically linking /home/slok/tasks/task1ws/build/four_wheel_urdf/urdf/four_wheel.urdf -> /home/slok/tasks/task1ws/install/four_wheel_urdf/share/four_wheel_urdf/urdf
[0.714s] Invoked command in '/home/slok/tasks/task1ws/build/four_wheel_urdf' returned '0': PYTHONPATH=/home/slok/tasks/task1ws/build/four_wheel_urdf/prefix_override:/usr/lib/python3/dist-packages/colcon_core/task/python/colcon_distutils_commands:/home/slok/tasks/task1ws/install/four_wheel_urdf/lib/python3.10/site-packages:${PYTHONPATH} /usr/bin/python3 -W ignore:setup.py install is deprecated -W ignore:easy_install command is deprecated setup.py develop --editable --build-directory /home/slok/tasks/task1ws/build/four_wheel_urdf/build --no-deps symlink_data --force
