running egg_info
creating ../../build/four_wheel_urdf/four_wheel_urdf.egg-info
writing ../../build/four_wheel_urdf/four_wheel_urdf.egg-info/PKG-INFO
writing dependency_links to ../../build/four_wheel_urdf/four_wheel_urdf.egg-info/dependency_links.txt
writing entry points to ../../build/four_wheel_urdf/four_wheel_urdf.egg-info/entry_points.txt
writing requirements to ../../build/four_wheel_urdf/four_wheel_urdf.egg-info/requires.txt
writing top-level names to ../../build/four_wheel_urdf/four_wheel_urdf.egg-info/top_level.txt
writing manifest file '../../build/four_wheel_urdf/four_wheel_urdf.egg-info/SOURCES.txt'
reading manifest file '../../build/four_wheel_urdf/four_wheel_urdf.egg-info/SOURCES.txt'
writing manifest file '../../build/four_wheel_urdf/four_wheel_urdf.egg-info/SOURCES.txt'
running build
running build_py
creating /home/slok/tasks/task1ws/build/four_wheel_urdf/build
creating /home/slok/tasks/task1ws/build/four_wheel_urdf/build/lib
creating /home/slok/tasks/task1ws/build/four_wheel_urdf/build/lib/four_wheel_urdf
copying four_wheel_urdf/__init__.py -> /home/slok/tasks/task1ws/build/four_wheel_urdf/build/lib/four_wheel_urdf
running install
running install_lib
creating /home/slok/tasks/task1ws/install/four_wheel_urdf/lib/python3.10/site-packages/four_wheel_urdf
copying /home/slok/tasks/task1ws/build/four_wheel_urdf/build/lib/four_wheel_urdf/__init__.py -> /home/slok/tasks/task1ws/install/four_wheel_urdf/lib/python3.10/site-packages/four_wheel_urdf
byte-compiling /home/slok/tasks/task1ws/install/four_wheel_urdf/lib/python3.10/site-packages/four_wheel_urdf/__init__.py to __init__.cpython-310.pyc
running install_data
creating /home/slok/tasks/task1ws/install/four_wheel_urdf/share/ament_index
creating /home/slok/tasks/task1ws/install/four_wheel_urdf/share/ament_index/resource_index
creating /home/slok/tasks/task1ws/install/four_wheel_urdf/share/ament_index/resource_index/packages
copying resource/four_wheel_urdf -> /home/slok/tasks/task1ws/install/four_wheel_urdf/share/ament_index/resource_index/packages
copying package.xml -> /home/slok/tasks/task1ws/install/four_wheel_urdf/share/four_wheel_urdf
running install_egg_info
Copying ../../build/four_wheel_urdf/four_wheel_urdf.egg-info to /home/slok/tasks/task1ws/install/four_wheel_urdf/lib/python3.10/site-packages/four_wheel_urdf-0.0.0-py3.10.egg-info
running install_scripts
writing list of installed files to '/home/slok/tasks/task1ws/build/four_wheel_urdf/install.log'
