[1.343s] Invoking command in '/home/slok/tasks/task1ws/src/four_wheel_urdf': PYTHONPATH=/home/slok/tasks/task1ws/build/four_wheel_urdf/prefix_override:/usr/lib/python3/dist-packages/colcon_core/task/python/colcon_distutils_commands:/home/slok/tasks/task1ws/install/four_wheel_urdf/lib/python3.10/site-packages:${PYTHONPATH} /usr/bin/python3 -W ignore:setup.py install is deprecated -W ignore:easy_install command is deprecated setup.py egg_info --egg-base ../../build/four_wheel_urdf build --build-base /home/slok/tasks/task1ws/build/four_wheel_urdf/build install --record /home/slok/tasks/task1ws/build/four_wheel_urdf/install.log --single-version-externally-managed install_data
[1.752s] running egg_info
[1.753s] creating ../../build/four_wheel_urdf/four_wheel_urdf.egg-info
[1.753s] writing ../../build/four_wheel_urdf/four_wheel_urdf.egg-info/PKG-INFO
[1.753s] writing dependency_links to ../../build/four_wheel_urdf/four_wheel_urdf.egg-info/dependency_links.txt
[1.753s] writing entry points to ../../build/four_wheel_urdf/four_wheel_urdf.egg-info/entry_points.txt
[1.753s] writing requirements to ../../build/four_wheel_urdf/four_wheel_urdf.egg-info/requires.txt
[1.753s] writing top-level names to ../../build/four_wheel_urdf/four_wheel_urdf.egg-info/top_level.txt
[1.753s] writing manifest file '../../build/four_wheel_urdf/four_wheel_urdf.egg-info/SOURCES.txt'
[1.755s] reading manifest file '../../build/four_wheel_urdf/four_wheel_urdf.egg-info/SOURCES.txt'
[1.756s] writing manifest file '../../build/four_wheel_urdf/four_wheel_urdf.egg-info/SOURCES.txt'
[1.756s] running build
[1.756s] running build_py
[1.756s] creating /home/slok/tasks/task1ws/build/four_wheel_urdf/build
[1.756s] creating /home/slok/tasks/task1ws/build/four_wheel_urdf/build/lib
[1.756s] creating /home/slok/tasks/task1ws/build/four_wheel_urdf/build/lib/four_wheel_urdf
[1.756s] copying four_wheel_urdf/__init__.py -> /home/slok/tasks/task1ws/build/four_wheel_urdf/build/lib/four_wheel_urdf
[1.757s] running install
[1.757s] running install_lib
[1.757s] creating /home/slok/tasks/task1ws/install/four_wheel_urdf/lib/python3.10/site-packages/four_wheel_urdf
[1.758s] copying /home/slok/tasks/task1ws/build/four_wheel_urdf/build/lib/four_wheel_urdf/__init__.py -> /home/slok/tasks/task1ws/install/four_wheel_urdf/lib/python3.10/site-packages/four_wheel_urdf
[1.758s] byte-compiling /home/slok/tasks/task1ws/install/four_wheel_urdf/lib/python3.10/site-packages/four_wheel_urdf/__init__.py to __init__.cpython-310.pyc
[1.758s] running install_data
[1.759s] creating /home/slok/tasks/task1ws/install/four_wheel_urdf/share/ament_index
[1.759s] creating /home/slok/tasks/task1ws/install/four_wheel_urdf/share/ament_index/resource_index
[1.759s] creating /home/slok/tasks/task1ws/install/four_wheel_urdf/share/ament_index/resource_index/packages
[1.759s] copying resource/four_wheel_urdf -> /home/slok/tasks/task1ws/install/four_wheel_urdf/share/ament_index/resource_index/packages
[1.759s] copying package.xml -> /home/slok/tasks/task1ws/install/four_wheel_urdf/share/four_wheel_urdf
[1.759s] running install_egg_info
[1.761s] Copying ../../build/four_wheel_urdf/four_wheel_urdf.egg-info to /home/slok/tasks/task1ws/install/four_wheel_urdf/lib/python3.10/site-packages/four_wheel_urdf-0.0.0-py3.10.egg-info
[1.762s] running install_scripts
[1.781s] writing list of installed files to '/home/slok/tasks/task1ws/build/four_wheel_urdf/install.log'
[1.802s] Invoked command in '/home/slok/tasks/task1ws/src/four_wheel_urdf' returned '0': PYTHONPATH=/home/slok/tasks/task1ws/build/four_wheel_urdf/prefix_override:/usr/lib/python3/dist-packages/colcon_core/task/python/colcon_distutils_commands:/home/slok/tasks/task1ws/install/four_wheel_urdf/lib/python3.10/site-packages:${PYTHONPATH} /usr/bin/python3 -W ignore:setup.py install is deprecated -W ignore:easy_install command is deprecated setup.py egg_info --egg-base ../../build/four_wheel_urdf build --build-base /home/slok/tasks/task1ws/build/four_wheel_urdf/build install --record /home/slok/tasks/task1ws/build/four_wheel_urdf/install.log --single-version-externally-managed install_data
